0 info it worked if it ends with ok
1 verbose cli [ '/usr/local/Cellar/node/5.7.1/bin/node',
1 verbose cli   '/usr/local/bin/npm',
1 verbose cli   'start' ]
2 info using npm@3.6.0
3 info using node@v5.7.1
4 verbose run-script [ 'prestart', 'start', 'poststart' ]
5 info lifecycle shadowsocks-heroku@0.9.10~prestart: shadowsocks-heroku@0.9.10
6 silly lifecycle shadowsocks-heroku@0.9.10~prestart: no script for prestart, continuing
7 info lifecycle shadowsocks-heroku@0.9.10~start: shadowsocks-heroku@0.9.10
8 verbose lifecycle shadowsocks-heroku@0.9.10~start: unsafe-perm in lifecycle true
9 verbose lifecycle shadowsocks-heroku@0.9.10~start: PATH: /usr/local/lib/node_modules/npm/bin/node-gyp-bin:/Users/ALEXTSUI/alex-shadowsocks/node_modules/.bin:/Users/ALEXTSUI/.rvm/gems/ruby-2.0.0-p451/bin:/Users/ALEXTSUI/.rvm/gems/ruby-2.0.0-p451@global/bin:/Users/ALEXTSUI/.rvm/rubies/ruby-2.0.0-p451/bin:/usr/local/heroku/bin:/usr/local/sbin:/Users/ALEXTSUI/google-cloud-sdk/bin:/Users/ALEXTSUI/software/ncl_ncarg-6.2.0.MacOS_10.9_64bit_nodap_gcc481/bin:/opt/local/bin:/opt/local/sbin:/Users/ALEXTSUI/bin:/usr/local/bin:/usr/local/bin:/usr/bin:/bin:/usr/sbin:/sbin:/opt/X11/bin:/Applications/Server.app/Contents/ServerRoot/usr/bin:/Applications/Server.app/Contents/ServerRoot/usr/sbin:/Users/ALEXTSUI/.rvm/bin
10 verbose lifecycle shadowsocks-heroku@0.9.10~start: CWD: /Users/ALEXTSUI/alex-shadowsocks
11 silly lifecycle shadowsocks-heroku@0.9.10~start: Args: [ '-c', 'node server.js && node local.js -c config.json' ]
12 silly lifecycle shadowsocks-heroku@0.9.10~start: Returned: code: 1  signal: null
13 info lifecycle shadowsocks-heroku@0.9.10~start: Failed to exec start script
14 verbose stack Error: shadowsocks-heroku@0.9.10 start: `node server.js && node local.js -c config.json`
14 verbose stack Exit status 1
14 verbose stack     at EventEmitter.<anonymous> (/usr/local/lib/node_modules/npm/lib/utils/lifecycle.js:232:16)
14 verbose stack     at emitTwo (events.js:100:13)
14 verbose stack     at EventEmitter.emit (events.js:185:7)
14 verbose stack     at ChildProcess.<anonymous> (/usr/local/lib/node_modules/npm/lib/utils/spawn.js:24:14)
14 verbose stack     at emitTwo (events.js:100:13)
14 verbose stack     at ChildProcess.emit (events.js:185:7)
14 verbose stack     at maybeClose (internal/child_process.js:827:16)
14 verbose stack     at Process.ChildProcess._handle.onexit (internal/child_process.js:211:5)
15 verbose pkgid shadowsocks-heroku@0.9.10
16 verbose cwd /Users/ALEXTSUI/alex-shadowsocks
17 error Darwin 15.4.0
18 error argv "/usr/local/Cellar/node/5.7.1/bin/node" "/usr/local/bin/npm" "start"
19 error node v5.7.1
20 error npm  v3.6.0
21 error code ELIFECYCLE
22 error shadowsocks-heroku@0.9.10 start: `node server.js && node local.js -c config.json`
22 error Exit status 1
23 error Failed at the shadowsocks-heroku@0.9.10 start script 'node server.js && node local.js -c config.json'.
23 error Make sure you have the latest version of node.js and npm installed.
23 error If you do, this is most likely a problem with the shadowsocks-heroku package,
23 error not with npm itself.
23 error Tell the author that this fails on your system:
23 error     node server.js && node local.js -c config.json
23 error You can get information on how to open an issue for this project with:
23 error     npm bugs shadowsocks-heroku
23 error Or if that isn't available, you can get their info via:
23 error     npm owner ls shadowsocks-heroku
23 error There is likely additional logging output above.
24 verbose exit [ 1, true ]
